kotlin version: 2.2.20
error message: kotlin.UninitializedPropertyAccessException: lateinit property firType has not been initialized
	at org.jetbrains.kotlin.fir.lightTree.converter.LightTreeRawFirDeclarationBuilder.convertNullableType(LightTreeRawFirDeclarationBuilder.kt:2450)
	at org.jetbrains.kotlin.fir.lightTree.converter.LightTreeRawFirDeclarationBuilder.convertNullableType$default(LightTreeRawFirDeclarationBuilder.kt:2429)
	at org.jetbrains.kotlin.fir.lightTree.converter.LightTreeRawFirDeclarationBuilder.convertType(LightTreeRawFirDeclarationBuilder.kt:2363)
	at org.jetbrains.kotlin.fir.lightTree.converter.LightTreeRawFirDeclarationBuilder.convertFunctionDeclaration(LightTreeRawFirDeclarationBuilder.kt:1937)
	at org.jetbrains.kotlin.fir.lightTree.converter.LightTreeRawFirDeclarationBuilder.convertDeclarationFromClassBody(LightTreeRawFirDeclarationBuilder.kt:940)
	at org.jetbrains.kotlin.fir.lightTree.converter.LightTreeRawFirDeclarationBuilder.convertClassBody(LightTreeRawFirDeclarationBuilder.kt:924)
	at org.jetbrains.kotlin.fir.lightTree.converter.LightTreeRawFirDeclarationBuilder.convertClass(LightTreeRawFirDeclarationBuilder.kt:635)
	at org.jetbrains.kotlin.fir.lightTree.converter.LightTreeRawFirDeclarationBuilder.convertFile(LightTreeRawFirDeclarationBuilder.kt:97)
	at org.jetbrains.kotlin.fir.lightTree.LightTree2Fir.buildFirFile(LightTree2Fir.kt:47)
	at org.jetbrains.kotlin.fir.lightTree.LightTree2Fir.buildFirFile(LightTree2Fir.kt:53)
	at org.jetbrains.kotlin.fir.pipeline.FirUtilsKt.buildFirViaLightTree(firUtils.kt:40)
	at org.jetbrains.kotlin.cli.pipeline.jvm.JvmFrontendPipelinePhase.executePhase(JvmFrontendPipelinePhase.kt:162)
	at org.jetbrains.kotlin.cli.pipeline.jvm.JvmFrontendPipelinePhase.executePhase(JvmFrontendPipelinePhase.kt:47)
	at org.jetbrains.kotlin.cli.pipeline.PipelinePhase.phaseBody(PipelinePhase.kt:68)
	at org.jetbrains.kotlin.cli.pipeline.PipelinePhase.phaseBody(PipelinePhase.kt:58)
	at org.jetbrains.kotlin.config.phaser.NamedCompilerPhase.invoke(CompilerPhase.kt:102)
	at org.jetbrains.kotlin.backend.common.phaser.CompositePhase.invoke(PhaseBuilders.kt:22)
	at org.jetbrains.kotlin.config.phaser.CompilerPhaseKt.invokeToplevel(CompilerPhase.kt:53)
	at org.jetbrains.kotlin.cli.pipeline.AbstractCliPipeline.runPhasedPipeline(AbstractCliPipeline.kt:109)
	at org.jetbrains.kotlin.cli.pipeline.AbstractCliPipeline.execute(AbstractCliPipeline.kt:68)
	at org.jetbrains.kotlin.cli.jvm.K2JVMCompiler.doExecutePhased(K2JVMCompiler.kt:79)
	at org.jetbrains.kotlin.cli.jvm.K2JVMCompiler.doExecutePhased(K2JVMCompiler.kt:45)
	at org.jetbrains.kotlin.cli.common.CLICompiler.execImpl(CLICompiler.kt:90)
	at org.jetbrains.kotlin.cli.common.CLICompiler.exec(CLICompiler.kt:352)
	at org.jetbrains.kotlin.incremental.IncrementalJvmCompilerRunnerBase.runCompiler(IncrementalJvmCompilerRunnerBase.kt:176)
	at org.jetbrains.kotlin.incremental.IncrementalJvmCompilerRunnerBase.runCompiler(IncrementalJvmCompilerRunnerBase.kt:39)
	at org.jetbrains.kotlin.incremental.IncrementalCompilerRunner.doCompile(IncrementalCompilerRunner.kt:499)
	at org.jetbrains.kotlin.incremental.IncrementalCompilerRunner.compileImpl(IncrementalCompilerRunner.kt:416)
	at org.jetbrains.kotlin.incremental.IncrementalCompilerRunner.compileNonIncrementally(IncrementalCompilerRunner.kt:301)
	at org.jetbrains.kotlin.incremental.IncrementalCompilerRunner.compile(IncrementalCompilerRunner.kt:128)
	at org.jetbrains.kotlin.daemon.CompileServiceImplBase.execIncrementalCompiler(CompileServiceImpl.kt:684)
	at org.jetbrains.kotlin.daemon.CompileServiceImplBase.access$execIncrementalCompiler(CompileServiceImpl.kt:94)
	at org.jetbrains.kotlin.daemon.CompileServiceImpl.compile(CompileServiceImpl.kt:1810)
	at java.base/jdk.internal.reflect.DirectMethodHandleAccessor.invoke(DirectMethodHandleAccessor.java:104)
	at java.base/java.lang.reflect.Method.invoke(Method.java:565)
	at java.rmi/sun.rmi.server.UnicastServerRef.dispatch(UnicastServerRef.java:351)
	at java.rmi/sun.rmi.transport.Transport.serviceCall(Transport.java:166)
	at java.rmi/sun.rmi.transport.tcp.TCPTransport.handleMessages(TCPTransport.java:543)
	at java.rmi/sun.rmi.transport.tcp.TCPTransport$ConnectionHandler.run0(TCPTransport.java:744)
	at java.rmi/sun.rmi.transport.tcp.TCPTransport$ConnectionHandler.run(TCPTransport.java:623)
	at java.base/java.util.concurrent.ThreadPoolExecutor.runWorker(ThreadPoolExecutor.java:1090)
	at java.base/java.util.concurrent.ThreadPoolExecutor$Worker.run(ThreadPoolExecutor.java:614)
	at java.base/java.lang.Thread.run(Thread.java:1474)


